<?xml version="1.0" encoding="UTF-8" ?>
<testsuite tests="4" failures="0" name="pl.com.softproject.currency.integration.sources.openexchangerates.OpenExchangeRatesSourceTest" time="1.434" errors="0" skipped="0">
  <properties>
[...]
</properties>
  <testcase classname="pl.com.softproject.currency.integration.sources.openexchangerates.OpenExchangeRatesSourceTest" name="testHistoricalRatesLoadedusingNull" time="0"/>
  <testcase classname="pl.com.softproject.currency.integration.sources.openexchangerates.OpenExchangeRatesSourceTest" name="getLoadData" time="0.516"/>
  <testcase classname="pl.com.softproject.currency.integration.sources.openexchangerates.OpenExchangeRatesSourceTest" name="testHistoricalRatesLoadedProper" time="0.444"/>
  <testcase classname="pl.com.softproject.currency.integration.sources.openexchangerates.OpenExchangeRatesSourceTest" name="testCurrentRatesLoadedProper" time="0.456"/>
</testsuite>